[1025/150807.969:ERROR:child_thread_impl.cc(762)] Request for unknown Channel-associated interface: ui::mojom::GpuMain
[1025/150829.027:ERROR:render_process_host_impl.cc(2077)] Request for unknown Channel-associated interface: device::mojom::ScreenOrientationListener
[1025/150953.815:ERROR:child_thread_impl.cc(762)] Request for unknown Channel-associated interface: ui::mojom::GpuMain
[1025/150954.643:ERROR:render_process_host_impl.cc(2077)] Request for unknown Channel-associated interface: device::mojom::ScreenOrientationListener
[1025/160146.651:ERROR:child_thread_impl.cc(762)] Request for unknown Channel-associated interface: ui::mojom::GpuMain
[1025/160148.201:ERROR:render_process_host_impl.cc(2077)] Request for unknown Channel-associated interface: device::mojom::ScreenOrientationListener
[1025/161102.651:ERROR:child_thread_impl.cc(762)] Request for unknown Channel-associated interface: ui::mojom::GpuMain
[1025/161103.500:ERROR:render_process_host_impl.cc(2077)] Request for unknown Channel-associated interface: device::mojom::ScreenOrientationListener
[1025/161244.931:ERROR:child_thread_impl.cc(762)] Request for unknown Channel-associated interface: ui::mojom::GpuMain
[1025/161245.952:ERROR:render_process_host_impl.cc(2077)] Request for unknown Channel-associated interface: device::mojom::ScreenOrientationListener
[1025/161321.272:ERROR:child_thread_impl.cc(762)] Request for unknown Channel-associated interface: ui::mojom::GpuMain
[1025/161322.221:ERROR:render_process_host_impl.cc(2077)] Request for unknown Channel-associated interface: device::mojom::ScreenOrientationListener
[1025/161337.668:ERROR:child_thread_impl.cc(762)] Request for unknown Channel-associated interface: ui::mojom::GpuMain
[1025/161338.439:ERROR:render_process_host_impl.cc(2077)] Request for unknown Channel-associated interface: device::mojom::ScreenOrientationListener
[1025/162152.653:ERROR:child_thread_impl.cc(762)] Request for unknown Channel-associated interface: ui::mojom::GpuMain
[1025/162153.868:ERROR:render_process_host_impl.cc(2077)] Request for unknown Channel-associated interface: device::mojom::ScreenOrientationListener
[1025/162239.597:ERROR:child_thread_impl.cc(762)] Request for unknown Channel-associated interface: ui::mojom::GpuMain
[1025/162240.346:ERROR:render_process_host_impl.cc(2077)] Request for unknown Channel-associated interface: device::mojom::ScreenOrientationListener
[1025/162311.347:ERROR:child_thread_impl.cc(762)] Request for unknown Channel-associated interface: ui::mojom::GpuMain
[1025/162312.163:ERROR:render_process_host_impl.cc(2077)] Request for unknown Channel-associated interface: device::mojom::ScreenOrientationListener
[1025/162340.773:ERROR:child_thread_impl.cc(762)] Request for unknown Channel-associated interface: ui::mojom::GpuMain
[1025/162407.525:ERROR:child_thread_impl.cc(762)] Request for unknown Channel-associated interface: ui::mojom::GpuMain
[1025/162408.580:ERROR:render_process_host_impl.cc(2077)] Request for unknown Channel-associated interface: device::mojom::ScreenOrientationListener
[1025/162712.239:ERROR:child_thread_impl.cc(762)] Request for unknown Channel-associated interface: ui::mojom::GpuMain
[1025/162713.231:ERROR:render_process_host_impl.cc(2077)] Request for unknown Channel-associated interface: device::mojom::ScreenOrientationListener
[1025/163159.879:ERROR:child_thread_impl.cc(762)] Request for unknown Channel-associated interface: ui::mojom::GpuMain
[1025/163200.680:ERROR:render_process_host_impl.cc(2077)] Request for unknown Channel-associated interface: device::mojom::ScreenOrientationListener
[1025/163336.912:ERROR:child_thread_impl.cc(762)] Request for unknown Channel-associated interface: ui::mojom::GpuMain
[1025/163340.176:ERROR:render_process_host_impl.cc(2077)] Request for unknown Channel-associated interface: device::mojom::ScreenOrientationListener
[1025/163713.895:ERROR:child_thread_impl.cc(762)] Request for unknown Channel-associated interface: ui::mojom::GpuMain
[1025/163714.696:ERROR:render_process_host_impl.cc(2077)] Request for unknown Channel-associated interface: device::mojom::ScreenOrientationListener
[1025/163733.665:ERROR:child_thread_impl.cc(762)] Request for unknown Channel-associated interface: ui::mojom::GpuMain
[1025/163734.440:ERROR:render_process_host_impl.cc(2077)] Request for unknown Channel-associated interface: device::mojom::ScreenOrientationListener
[1025/163810.412:ERROR:child_thread_impl.cc(762)] Request for unknown Channel-associated interface: ui::mojom::GpuMain
[1025/163811.981:ERROR:render_process_host_impl.cc(2077)] Request for unknown Channel-associated interface: device::mojom::ScreenOrientationListener
[1025/164102.033:ERROR:child_thread_impl.cc(762)] Request for unknown Channel-associated interface: ui::mojom::GpuMain
[1025/164102.803:ERROR:render_process_host_impl.cc(2077)] Request for unknown Channel-associated interface: device::mojom::ScreenOrientationListener
[1025/165107.017:ERROR:child_thread_impl.cc(762)] Request for unknown Channel-associated interface: ui::mojom::GpuMain
[1025/165107.813:ERROR:render_process_host_impl.cc(2077)] Request for unknown Channel-associated interface: device::mojom::ScreenOrientationListener
[1025/165340.006:ERROR:child_thread_impl.cc(762)] Request for unknown Channel-associated interface: ui::mojom::GpuMain
[1025/165340.781:ERROR:render_process_host_impl.cc(2077)] Request for unknown Channel-associated interface: device::mojom::ScreenOrientationListener
[1025/172246.961:ERROR:child_thread_impl.cc(762)] Request for unknown Channel-associated interface: ui::mojom::GpuMain
[1025/172247.827:ERROR:render_process_host_impl.cc(2077)] Request for unknown Channel-associated interface: device::mojom::ScreenOrientationListener
[1025/172615.882:ERROR:child_thread_impl.cc(762)] Request for unknown Channel-associated interface: ui::mojom::GpuMain
[1025/172616.681:ERROR:render_process_host_impl.cc(2077)] Request for unknown Channel-associated interface: device::mojom::ScreenOrientationListener
[1025/172942.010:ERROR:child_thread_impl.cc(762)] Request for unknown Channel-associated interface: ui::mojom::GpuMain
[1025/172942.788:ERROR:render_process_host_impl.cc(2077)] Request for unknown Channel-associated interface: device::mojom::ScreenOrientationListener
[1025/173036.461:ERROR:child_thread_impl.cc(762)] Request for unknown Channel-associated interface: ui::mojom::GpuMain
[1025/173037.234:ERROR:render_process_host_impl.cc(2077)] Request for unknown Channel-associated interface: device::mojom::ScreenOrientationListener
[1025/173114.857:ERROR:child_thread_impl.cc(762)] Request for unknown Channel-associated interface: ui::mojom::GpuMain
[1025/173115.666:ERROR:render_process_host_impl.cc(2077)] Request for unknown Channel-associated interface: device::mojom::ScreenOrientationListener
[1025/173305.095:ERROR:child_thread_impl.cc(762)] Request for unknown Channel-associated interface: ui::mojom::GpuMain
[1025/173305.948:ERROR:render_process_host_impl.cc(2077)] Request for unknown Channel-associated interface: device::mojom::ScreenOrientationListener
[1025/173340.308:ERROR:child_thread_impl.cc(762)] Request for unknown Channel-associated interface: ui::mojom::GpuMain
[1025/173341.088:ERROR:render_process_host_impl.cc(2077)] Request for unknown Channel-associated interface: device::mojom::ScreenOrientationListener
[1025/173737.605:ERROR:child_thread_impl.cc(762)] Request for unknown Channel-associated interface: ui::mojom::GpuMain
[1025/173738.419:ERROR:render_process_host_impl.cc(2077)] Request for unknown Channel-associated interface: device::mojom::ScreenOrientationListener
[1025/180208.614:ERROR:child_thread_impl.cc(762)] Request for unknown Channel-associated interface: ui::mojom::GpuMain
[1025/180233.750:ERROR:child_thread_impl.cc(762)] Request for unknown Channel-associated interface: ui::mojom::GpuMain
[1025/180249.923:ERROR:render_process_host_impl.cc(2077)] Request for unknown Channel-associated interface: device::mojom::ScreenOrientationListener
[1025/180351.180:ERROR:child_thread_impl.cc(762)] Request for unknown Channel-associated interface: ui::mojom::GpuMain
[1025/180351.953:ERROR:render_process_host_impl.cc(2077)] Request for unknown Channel-associated interface: device::mojom::ScreenOrientationListener
[1025/180449.852:ERROR:child_thread_impl.cc(762)] Request for unknown Channel-associated interface: ui::mojom::GpuMain
[1025/180450.784:ERROR:render_process_host_impl.cc(2077)] Request for unknown Channel-associated interface: device::mojom::ScreenOrientationListener
[1025/180546.369:ERROR:child_thread_impl.cc(762)] Request for unknown Channel-associated interface: ui::mojom::GpuMain
[1025/180547.164:ERROR:render_process_host_impl.cc(2077)] Request for unknown Channel-associated interface: device::mojom::ScreenOrientationListener
[1025/180702.282:ERROR:child_thread_impl.cc(762)] Request for unknown Channel-associated interface: ui::mojom::GpuMain
[1025/180729.767:ERROR:child_thread_impl.cc(762)] Request for unknown Channel-associated interface: ui::mojom::GpuMain
[1025/180730.537:ERROR:render_process_host_impl.cc(2077)] Request for unknown Channel-associated interface: device::mojom::ScreenOrientationListener
[1026/085408.255:ERROR:child_thread_impl.cc(762)] Request for unknown Channel-associated interface: ui::mojom::GpuMain
[1026/085410.092:ERROR:render_process_host_impl.cc(2077)] Request for unknown Channel-associated interface: device::mojom::ScreenOrientationListener
[1026/085738.528:ERROR:child_thread_impl.cc(762)] Request for unknown Channel-associated interface: ui::mojom::GpuMain
[1026/085739.289:ERROR:render_process_host_impl.cc(2077)] Request for unknown Channel-associated interface: device::mojom::ScreenOrientationListener
[1026/101316.580:ERROR:child_thread_impl.cc(762)] Request for unknown Channel-associated interface: ui::mojom::GpuMain
[1026/101429.935:ERROR:child_thread_impl.cc(762)] Request for unknown Channel-associated interface: ui::mojom::GpuMain
[1026/101506.814:ERROR:child_thread_impl.cc(762)] Request for unknown Channel-associated interface: ui::mojom::GpuMain
[1026/101508.142:ERROR:render_process_host_impl.cc(2077)] Request for unknown Channel-associated interface: device::mojom::ScreenOrientationListener
[1026/103208.707:ERROR:child_thread_impl.cc(762)] Request for unknown Channel-associated interface: ui::mojom::GpuMain
[1026/103210.008:ERROR:render_process_host_impl.cc(2077)] Request for unknown Channel-associated interface: device::mojom::ScreenOrientationListener
[1026/103250.410:ERROR:child_thread_impl.cc(762)] Request for unknown Channel-associated interface: ui::mojom::GpuMain
[1026/103312.123:ERROR:child_thread_impl.cc(762)] Request for unknown Channel-associated interface: ui::mojom::GpuMain
[1026/103313.432:ERROR:render_process_host_impl.cc(2077)] Request for unknown Channel-associated interface: device::mojom::ScreenOrientationListener
[1026/103328.973:ERROR:child_thread_impl.cc(762)] Request for unknown Channel-associated interface: ui::mojom::GpuMain
[1026/103441.236:ERROR:child_thread_impl.cc(762)] Request for unknown Channel-associated interface: ui::mojom::GpuMain
[1026/103442.509:ERROR:render_process_host_impl.cc(2077)] Request for unknown Channel-associated interface: device::mojom::ScreenOrientationListener
[1026/103533.922:ERROR:child_thread_impl.cc(762)] Request for unknown Channel-associated interface: ui::mojom::GpuMain
[1026/103614.419:ERROR:child_thread_impl.cc(762)] Request for unknown Channel-associated interface: ui::mojom::GpuMain
[1026/103620.281:ERROR:render_process_host_impl.cc(2077)] Request for unknown Channel-associated interface: device::mojom::ScreenOrientationListener
[1026/105613.760:ERROR:child_thread_impl.cc(762)] Request for unknown Channel-associated interface: ui::mojom::GpuMain
[1026/105615.478:ERROR:render_process_host_impl.cc(2077)] Request for unknown Channel-associated interface: device::mojom::ScreenOrientationListener
[1026/105701.188:ERROR:child_thread_impl.cc(762)] Request for unknown Channel-associated interface: ui::mojom::GpuMain
[1026/105702.466:ERROR:render_process_host_impl.cc(2077)] Request for unknown Channel-associated interface: device::mojom::ScreenOrientationListener
[1026/110323.980:ERROR:child_thread_impl.cc(762)] Request for unknown Channel-associated interface: ui::mojom::GpuMain
[1026/110325.289:ERROR:render_process_host_impl.cc(2077)] Request for unknown Channel-associated interface: device::mojom::ScreenOrientationListener
[1026/110425.678:ERROR:child_thread_impl.cc(762)] Request for unknown Channel-associated interface: ui::mojom::GpuMain
[1026/110426.896:ERROR:render_process_host_impl.cc(2077)] Request for unknown Channel-associated interface: device::mojom::ScreenOrientationListener
[1026/110528.988:ERROR:child_thread_impl.cc(762)] Request for unknown Channel-associated interface: ui::mojom::GpuMain
[1026/110530.239:ERROR:render_process_host_impl.cc(2077)] Request for unknown Channel-associated interface: device::mojom::ScreenOrientationListener
[1026/110719.744:ERROR:child_thread_impl.cc(762)] Request for unknown Channel-associated interface: ui::mojom::GpuMain
[1026/110721.060:ERROR:render_process_host_impl.cc(2077)] Request for unknown Channel-associated interface: device::mojom::ScreenOrientationListener
[1026/110733.708:ERROR:child_thread_impl.cc(762)] Request for unknown Channel-associated interface: ui::mojom::GpuMain
[1026/110742.021:ERROR:render_process_host_impl.cc(2077)] Request for unknown Channel-associated interface: device::mojom::ScreenOrientationListener
[1026/110800.565:ERROR:child_thread_impl.cc(762)] Request for unknown Channel-associated interface: ui::mojom::GpuMain
[1026/110801.835:ERROR:render_process_host_impl.cc(2077)] Request for unknown Channel-associated interface: device::mojom::ScreenOrientationListener
[1026/110831.956:ERROR:child_thread_impl.cc(762)] Request for unknown Channel-associated interface: ui::mojom::GpuMain
[1026/110833.262:ERROR:render_process_host_impl.cc(2077)] Request for unknown Channel-associated interface: device::mojom::ScreenOrientationListener
[1026/110845.374:ERROR:child_thread_impl.cc(762)] Request for unknown Channel-associated interface: ui::mojom::GpuMain
[1026/110846.631:ERROR:render_process_host_impl.cc(2077)] Request for unknown Channel-associated interface: device::mojom::ScreenOrientationListener
[1026/112707.656:ERROR:child_thread_impl.cc(762)] Request for unknown Channel-associated interface: ui::mojom::GpuMain
[1026/112710.096:ERROR:render_process_host_impl.cc(2077)] Request for unknown Channel-associated interface: device::mojom::ScreenOrientationListener
[1026/113014.331:ERROR:child_thread_impl.cc(762)] Request for unknown Channel-associated interface: ui::mojom::GpuMain
[1026/113016.685:ERROR:render_process_host_impl.cc(2077)] Request for unknown Channel-associated interface: device::mojom::ScreenOrientationListener
[1026/113136.828:ERROR:child_thread_impl.cc(762)] Request for unknown Channel-associated interface: ui::mojom::GpuMain
[1026/113138.484:ERROR:render_process_host_impl.cc(2077)] Request for unknown Channel-associated interface: device::mojom::ScreenOrientationListener
[1026/113532.364:ERROR:child_thread_impl.cc(762)] Request for unknown Channel-associated interface: ui::mojom::GpuMain
[1026/113533.630:ERROR:render_process_host_impl.cc(2077)] Request for unknown Channel-associated interface: device::mojom::ScreenOrientationListener
[1026/113939.582:ERROR:child_thread_impl.cc(762)] Request for unknown Channel-associated interface: ui::mojom::GpuMain
[1026/113940.859:ERROR:render_process_host_impl.cc(2077)] Request for unknown Channel-associated interface: device::mojom::ScreenOrientationListener
[1026/114022.177:ERROR:child_thread_impl.cc(762)] Request for unknown Channel-associated interface: ui::mojom::GpuMain
[1026/114023.473:ERROR:render_process_host_impl.cc(2077)] Request for unknown Channel-associated interface: device::mojom::ScreenOrientationListener
[1026/114038.756:ERROR:child_thread_impl.cc(762)] Request for unknown Channel-associated interface: ui::mojom::GpuMain
[1026/114040.047:ERROR:render_process_host_impl.cc(2077)] Request for unknown Channel-associated interface: device::mojom::ScreenOrientationListener
[1026/114106.237:ERROR:child_thread_impl.cc(762)] Request for unknown Channel-associated interface: ui::mojom::GpuMain
[1026/114107.511:ERROR:render_process_host_impl.cc(2077)] Request for unknown Channel-associated interface: device::mojom::ScreenOrientationListener
[1026/115145.783:ERROR:child_thread_impl.cc(762)] Request for unknown Channel-associated interface: ui::mojom::GpuMain
[1026/115147.155:ERROR:render_process_host_impl.cc(2077)] Request for unknown Channel-associated interface: device::mojom::ScreenOrientationListener
[1026/115619.514:ERROR:child_thread_impl.cc(762)] Request for unknown Channel-associated interface: ui::mojom::GpuMain
[1026/115620.718:ERROR:render_process_host_impl.cc(2077)] Request for unknown Channel-associated interface: device::mojom::ScreenOrientationListener
[1026/115648.906:ERROR:child_thread_impl.cc(762)] Request for unknown Channel-associated interface: ui::mojom::GpuMain
[1026/115652.839:ERROR:render_process_host_impl.cc(2077)] Request for unknown Channel-associated interface: device::mojom::ScreenOrientationListener
[1026/115821.197:ERROR:child_thread_impl.cc(762)] Request for unknown Channel-associated interface: ui::mojom::GpuMain
[1026/115829.060:ERROR:render_process_host_impl.cc(2077)] Request for unknown Channel-associated interface: device::mojom::ScreenOrientationListener
[1026/143906.379:ERROR:child_thread_impl.cc(762)] Request for unknown Channel-associated interface: ui::mojom::GpuMain
[1026/143909.819:ERROR:render_process_host_impl.cc(2077)] Request for unknown Channel-associated interface: device::mojom::ScreenOrientationListener
[1026/143945.289:ERROR:child_thread_impl.cc(762)] Request for unknown Channel-associated interface: ui::mojom::GpuMain
[1026/143947.081:ERROR:render_process_host_impl.cc(2077)] Request for unknown Channel-associated interface: device::mojom::ScreenOrientationListener
[1026/143959.106:ERROR:child_thread_impl.cc(762)] Request for unknown Channel-associated interface: ui::mojom::GpuMain
[1026/144000.372:ERROR:render_process_host_impl.cc(2077)] Request for unknown Channel-associated interface: device::mojom::ScreenOrientationListener
[1026/144014.871:ERROR:child_thread_impl.cc(762)] Request for unknown Channel-associated interface: ui::mojom::GpuMain
[1026/144016.088:ERROR:render_process_host_impl.cc(2077)] Request for unknown Channel-associated interface: device::mojom::ScreenOrientationListener
[1026/144039.168:ERROR:child_thread_impl.cc(762)] Request for unknown Channel-associated interface: ui::mojom::GpuMain
[1026/144040.439:ERROR:render_process_host_impl.cc(2077)] Request for unknown Channel-associated interface: device::mojom::ScreenOrientationListener
[1026/144052.840:ERROR:child_thread_impl.cc(762)] Request for unknown Channel-associated interface: ui::mojom::GpuMain
[1026/144054.117:ERROR:render_process_host_impl.cc(2077)] Request for unknown Channel-associated interface: device::mojom::ScreenOrientationListener
[1026/144206.226:ERROR:child_thread_impl.cc(762)] Request for unknown Channel-associated interface: ui::mojom::GpuMain
[1026/144208.335:ERROR:render_process_host_impl.cc(2077)] Request for unknown Channel-associated interface: device::mojom::ScreenOrientationListener
[1026/144259.465:ERROR:child_thread_impl.cc(762)] Request for unknown Channel-associated interface: ui::mojom::GpuMain
[1026/144300.829:ERROR:render_process_host_impl.cc(2077)] Request for unknown Channel-associated interface: device::mojom::ScreenOrientationListener
[1026/144329.504:ERROR:child_thread_impl.cc(762)] Request for unknown Channel-associated interface: ui::mojom::GpuMain
[1026/144330.747:ERROR:render_process_host_impl.cc(2077)] Request for unknown Channel-associated interface: device::mojom::ScreenOrientationListener
[1026/144354.452:ERROR:broker_win.cc(138)] Error sending sync broker message
[1026/144655.339:ERROR:child_thread_impl.cc(762)] Request for unknown Channel-associated interface: ui::mojom::GpuMain
[1026/144656.573:ERROR:render_process_host_impl.cc(2077)] Request for unknown Channel-associated interface: device::mojom::ScreenOrientationListener
[1026/144725.307:ERROR:child_thread_impl.cc(762)] Request for unknown Channel-associated interface: ui::mojom::GpuMain
[1026/144730.067:ERROR:render_process_host_impl.cc(2077)] Request for unknown Channel-associated interface: device::mojom::ScreenOrientationListener
[1026/144801.443:ERROR:child_thread_impl.cc(762)] Request for unknown Channel-associated interface: ui::mojom::GpuMain
[1026/144802.707:ERROR:render_process_host_impl.cc(2077)] Request for unknown Channel-associated interface: device::mojom::ScreenOrientationListener
[1026/145005.383:ERROR:child_thread_impl.cc(762)] Request for unknown Channel-associated interface: ui::mojom::GpuMain
[1026/145006.658:ERROR:render_process_host_impl.cc(2077)] Request for unknown Channel-associated interface: device::mojom::ScreenOrientationListener
[1026/145053.991:ERROR:child_thread_impl.cc(762)] Request for unknown Channel-associated interface: ui::mojom::GpuMain
[1026/145055.234:ERROR:render_process_host_impl.cc(2077)] Request for unknown Channel-associated interface: device::mojom::ScreenOrientationListener
[1026/145747.172:ERROR:child_thread_impl.cc(762)] Request for unknown Channel-associated interface: ui::mojom::GpuMain
[1026/145858.659:ERROR:child_thread_impl.cc(762)] Request for unknown Channel-associated interface: ui::mojom::GpuMain
[1026/150025.167:ERROR:child_thread_impl.cc(762)] Request for unknown Channel-associated interface: ui::mojom::GpuMain
[1026/150027.391:ERROR:render_process_host_impl.cc(2077)] Request for unknown Channel-associated interface: device::mojom::ScreenOrientationListener
[1026/150508.563:ERROR:child_thread_impl.cc(762)] Request for unknown Channel-associated interface: ui::mojom::GpuMain
[1026/150509.879:ERROR:render_process_host_impl.cc(2077)] Request for unknown Channel-associated interface: device::mojom::ScreenOrientationListener
[1026/150546.577:ERROR:child_thread_impl.cc(762)] Request for unknown Channel-associated interface: ui::mojom::GpuMain
[1026/150554.441:ERROR:render_process_host_impl.cc(2077)] Request for unknown Channel-associated interface: device::mojom::ScreenOrientationListener
[1026/150621.262:ERROR:child_thread_impl.cc(762)] Request for unknown Channel-associated interface: ui::mojom::GpuMain
[1026/150622.509:ERROR:render_process_host_impl.cc(2077)] Request for unknown Channel-associated interface: device::mojom::ScreenOrientationListener
[1026/150638.823:ERROR:child_thread_impl.cc(762)] Request for unknown Channel-associated interface: ui::mojom::GpuMain
[1026/150640.086:ERROR:render_process_host_impl.cc(2077)] Request for unknown Channel-associated interface: device::mojom::ScreenOrientationListener
[1026/150652.754:ERROR:child_thread_impl.cc(762)] Request for unknown Channel-associated interface: ui::mojom::GpuMain
[1026/150654.005:ERROR:render_process_host_impl.cc(2077)] Request for unknown Channel-associated interface: device::mojom::ScreenOrientationListener
[1026/150658.965:ERROR:child_thread_impl.cc(762)] Request for unknown Channel-associated interface: ui::mojom::GpuMain
[1026/150700.227:ERROR:render_process_host_impl.cc(2077)] Request for unknown Channel-associated interface: device::mojom::ScreenOrientationListener
[1026/151240.071:ERROR:child_thread_impl.cc(762)] Request for unknown Channel-associated interface: ui::mojom::GpuMain
[1026/151241.316:ERROR:render_process_host_impl.cc(2077)] Request for unknown Channel-associated interface: device::mojom::ScreenOrientationListener
[1026/151436.896:ERROR:child_thread_impl.cc(762)] Request for unknown Channel-associated interface: ui::mojom::GpuMain
[1026/151438.181:ERROR:render_process_host_impl.cc(2077)] Request for unknown Channel-associated interface: device::mojom::ScreenOrientationListener
[1026/151454.507:ERROR:child_thread_impl.cc(762)] Request for unknown Channel-associated interface: ui::mojom::GpuMain
[1026/151455.834:ERROR:render_process_host_impl.cc(2077)] Request for unknown Channel-associated interface: device::mojom::ScreenOrientationListener
[1026/151552.245:ERROR:child_thread_impl.cc(762)] Request for unknown Channel-associated interface: ui::mojom::GpuMain
[1026/151554.277:ERROR:render_process_host_impl.cc(2077)] Request for unknown Channel-associated interface: device::mojom::ScreenOrientationListener
[1026/151604.901:ERROR:child_thread_impl.cc(762)] Request for unknown Channel-associated interface: ui::mojom::GpuMain
[1026/151606.180:ERROR:render_process_host_impl.cc(2077)] Request for unknown Channel-associated interface: device::mojom::ScreenOrientationListener
[1026/151611.920:ERROR:child_thread_impl.cc(762)] Request for unknown Channel-associated interface: ui::mojom::GpuMain
[1026/151613.104:ERROR:render_process_host_impl.cc(2077)] Request for unknown Channel-associated interface: device::mojom::ScreenOrientationListener
[1026/151948.878:ERROR:child_thread_impl.cc(762)] Request for unknown Channel-associated interface: ui::mojom::GpuMain
[1026/151950.240:ERROR:render_process_host_impl.cc(2077)] Request for unknown Channel-associated interface: device::mojom::ScreenOrientationListener
[1026/152430.989:ERROR:child_thread_impl.cc(762)] Request for unknown Channel-associated interface: ui::mojom::GpuMain
[1026/152432.279:ERROR:render_process_host_impl.cc(2077)] Request for unknown Channel-associated interface: device::mojom::ScreenOrientationListener
[1026/152725.162:ERROR:child_thread_impl.cc(762)] Request for unknown Channel-associated interface: ui::mojom::GpuMain
[1026/152726.679:ERROR:render_process_host_impl.cc(2077)] Request for unknown Channel-associated interface: device::mojom::ScreenOrientationListener
[1026/161320.182:ERROR:child_thread_impl.cc(762)] Request for unknown Channel-associated interface: ui::mojom::GpuMain
[1026/161321.502:ERROR:render_process_host_impl.cc(2077)] Request for unknown Channel-associated interface: device::mojom::ScreenOrientationListener
[1026/161359.222:ERROR:child_thread_impl.cc(762)] Request for unknown Channel-associated interface: ui::mojom::GpuMain
[1026/161402.213:ERROR:render_process_host_impl.cc(2077)] Request for unknown Channel-associated interface: device::mojom::ScreenOrientationListener
[1026/161510.812:ERROR:child_thread_impl.cc(762)] Request for unknown Channel-associated interface: ui::mojom::GpuMain
[1026/161512.078:ERROR:render_process_host_impl.cc(2077)] Request for unknown Channel-associated interface: device::mojom::ScreenOrientationListener
[1026/161803.668:ERROR:child_thread_impl.cc(762)] Request for unknown Channel-associated interface: ui::mojom::GpuMain
[1026/161804.882:ERROR:render_process_host_impl.cc(2077)] Request for unknown Channel-associated interface: device::mojom::ScreenOrientationListener
[1026/161843.383:ERROR:child_thread_impl.cc(762)] Request for unknown Channel-associated interface: ui::mojom::GpuMain
[1026/161844.523:ERROR:render_process_host_impl.cc(2077)] Request for unknown Channel-associated interface: device::mojom::ScreenOrientationListener
[1026/162125.545:ERROR:child_thread_impl.cc(762)] Request for unknown Channel-associated interface: ui::mojom::GpuMain
[1026/162126.787:ERROR:render_process_host_impl.cc(2077)] Request for unknown Channel-associated interface: device::mojom::ScreenOrientationListener
[1026/162143.005:ERROR:broker_win.cc(59)] Error reading broker pipe: 管道已结束。 (0x6D)
[1026/162218.113:ERROR:child_thread_impl.cc(762)] Request for unknown Channel-associated interface: ui::mojom::GpuMain
[1026/162219.394:ERROR:render_process_host_impl.cc(2077)] Request for unknown Channel-associated interface: device::mojom::ScreenOrientationListener
[1026/162334.703:ERROR:child_thread_impl.cc(762)] Request for unknown Channel-associated interface: ui::mojom::GpuMain
[1026/162350.015:ERROR:render_process_host_impl.cc(2077)] Request for unknown Channel-associated interface: device::mojom::ScreenOrientationListener
[1026/162639.827:ERROR:child_thread_impl.cc(762)] Request for unknown Channel-associated interface: ui::mojom::GpuMain
[1026/162654.988:ERROR:render_process_host_impl.cc(2077)] Request for unknown Channel-associated interface: device::mojom::ScreenOrientationListener
[1026/162903.811:ERROR:child_thread_impl.cc(762)] Request for unknown Channel-associated interface: ui::mojom::GpuMain
[1026/162905.111:ERROR:render_process_host_impl.cc(2077)] Request for unknown Channel-associated interface: device::mojom::ScreenOrientationListener
[1026/163225.511:ERROR:child_thread_impl.cc(762)] Request for unknown Channel-associated interface: ui::mojom::GpuMain
[1026/163228.025:ERROR:render_process_host_impl.cc(2077)] Request for unknown Channel-associated interface: device::mojom::ScreenOrientationListener
[1026/163755.518:ERROR:child_thread_impl.cc(762)] Request for unknown Channel-associated interface: ui::mojom::GpuMain
[1026/163756.803:ERROR:render_process_host_impl.cc(2077)] Request for unknown Channel-associated interface: device::mojom::ScreenOrientationListener
[1026/163900.094:ERROR:broker_win.cc(59)] Error reading broker pipe: 管道已结束。 (0x6D)
[1026/163913.651:ERROR:child_thread_impl.cc(762)] Request for unknown Channel-associated interface: ui::mojom::GpuMain
[1026/163918.450:ERROR:render_process_host_impl.cc(2077)] Request for unknown Channel-associated interface: device::mojom::ScreenOrientationListener
[1026/164204.946:ERROR:child_thread_impl.cc(762)] Request for unknown Channel-associated interface: ui::mojom::GpuMain
[1026/164206.187:ERROR:render_process_host_impl.cc(2077)] Request for unknown Channel-associated interface: device::mojom::ScreenOrientationListener
[1026/164443.860:ERROR:broker_win.cc(59)] Error reading broker pipe: 管道已结束。 (0x6D)
[1026/165213.498:ERROR:child_thread_impl.cc(762)] Request for unknown Channel-associated interface: ui::mojom::GpuMain
[1026/165214.799:ERROR:render_process_host_impl.cc(2077)] Request for unknown Channel-associated interface: device::mojom::ScreenOrientationListener
[1026/165525.431:ERROR:child_thread_impl.cc(762)] Request for unknown Channel-associated interface: ui::mojom::GpuMain
[1026/165534.229:ERROR:render_process_host_impl.cc(2077)] Request for unknown Channel-associated interface: device::mojom::ScreenOrientationListener
[1026/165709.929:ERROR:child_thread_impl.cc(762)] Request for unknown Channel-associated interface: ui::mojom::GpuMain
[1026/165711.179:ERROR:render_process_host_impl.cc(2077)] Request for unknown Channel-associated interface: device::mojom::ScreenOrientationListener
[1026/165739.875:ERROR:child_thread_impl.cc(762)] Request for unknown Channel-associated interface: ui::mojom::GpuMain
[1026/165741.130:ERROR:render_process_host_impl.cc(2077)] Request for unknown Channel-associated interface: device::mojom::ScreenOrientationListener
[1026/171417.983:ERROR:child_thread_impl.cc(762)] Request for unknown Channel-associated interface: ui::mojom::GpuMain
[1026/171419.255:ERROR:render_process_host_impl.cc(2077)] Request for unknown Channel-associated interface: device::mojom::ScreenOrientationListener
[1026/171543.469:ERROR:child_thread_impl.cc(762)] Request for unknown Channel-associated interface: ui::mojom::GpuMain
[1026/171546.742:ERROR:render_process_host_impl.cc(2077)] Request for unknown Channel-associated interface: device::mojom::ScreenOrientationListener
[1026/172143.597:ERROR:child_thread_impl.cc(762)] Request for unknown Channel-associated interface: ui::mojom::GpuMain
[1026/172144.859:ERROR:render_process_host_impl.cc(2077)] Request for unknown Channel-associated interface: device::mojom::ScreenOrientationListener
[1026/175843.011:ERROR:child_thread_impl.cc(762)] Request for unknown Channel-associated interface: ui::mojom::GpuMain
[1026/175844.316:ERROR:render_process_host_impl.cc(2077)] Request for unknown Channel-associated interface: device::mojom::ScreenOrientationListener
[1026/180101.000:ERROR:child_thread_impl.cc(762)] Request for unknown Channel-associated interface: ui::mojom::GpuMain
[1026/180102.312:ERROR:render_process_host_impl.cc(2077)] Request for unknown Channel-associated interface: device::mojom::ScreenOrientationListener
[1027/090625.475:ERROR:child_thread_impl.cc(762)] Request for unknown Channel-associated interface: ui::mojom::GpuMain
[1027/090626.827:ERROR:render_process_host_impl.cc(2077)] Request for unknown Channel-associated interface: device::mojom::ScreenOrientationListener
[1027/093003.827:ERROR:child_thread_impl.cc(762)] Request for unknown Channel-associated interface: ui::mojom::GpuMain
[1027/093004.687:ERROR:render_process_host_impl.cc(2077)] Request for unknown Channel-associated interface: device::mojom::ScreenOrientationListener
[1027/093006.322:ERROR:render_media_log.cc(30)] MediaEvent: MEDIA_ERROR_LOG_ENTRY {"error":"FFmpegDemuxer: open context failed"}
[1027/093006.322:ERROR:render_media_log.cc(30)] MediaEvent: PIPELINE_ERROR demuxer: could not open
[1027/093006.848:ERROR:render_media_log.cc(30)] MediaEvent: MEDIA_ERROR_LOG_ENTRY {"error":"FFmpegDemuxer: open context failed"}
[1027/093006.848:ERROR:render_media_log.cc(30)] MediaEvent: PIPELINE_ERROR demuxer: could not open
[1027/093007.130:ERROR:render_media_log.cc(30)] MediaEvent: MEDIA_ERROR_LOG_ENTRY {"error":"FFmpegDemuxer: open context failed"}
[1027/093007.130:ERROR:render_media_log.cc(30)] MediaEvent: PIPELINE_ERROR demuxer: could not open
[1027/093007.134:ERROR:render_media_log.cc(30)] MediaEvent: MEDIA_ERROR_LOG_ENTRY {"error":"FFmpegDemuxer: open context failed"}
[1027/093007.134:ERROR:render_media_log.cc(30)] MediaEvent: PIPELINE_ERROR demuxer: could not open
[1027/093007.139:ERROR:render_media_log.cc(30)] MediaEvent: MEDIA_ERROR_LOG_ENTRY {"error":"FFmpegDemuxer: open context failed"}
[1027/093007.139:ERROR:render_media_log.cc(30)] MediaEvent: PIPELINE_ERROR demuxer: could not open
[1027/093007.144:ERROR:render_media_log.cc(30)] MediaEvent: MEDIA_ERROR_LOG_ENTRY {"error":"FFmpegDemuxer: open context failed"}
[1027/093007.145:ERROR:render_media_log.cc(30)] MediaEvent: PIPELINE_ERROR demuxer: could not open
[1027/093007.248:ERROR:render_media_log.cc(30)] MediaEvent: MEDIA_ERROR_LOG_ENTRY {"error":"FFmpegDemuxer: open context failed"}
[1027/093007.248:ERROR:render_media_log.cc(30)] MediaEvent: PIPELINE_ERROR demuxer: could not open
[1027/093007.322:ERROR:render_media_log.cc(30)] MediaEvent: MEDIA_ERROR_LOG_ENTRY {"error":"FFmpegDemuxer: open context failed"}
[1027/093007.322:ERROR:render_media_log.cc(30)] MediaEvent: PIPELINE_ERROR demuxer: could not open
[1027/093007.327:ERROR:render_media_log.cc(30)] MediaEvent: MEDIA_ERROR_LOG_ENTRY {"error":"FFmpegDemuxer: open context failed"}
[1027/093007.327:ERROR:render_media_log.cc(30)] MediaEvent: PIPELINE_ERROR demuxer: could not open
[1027/093007.333:ERROR:render_media_log.cc(30)] MediaEvent: MEDIA_ERROR_LOG_ENTRY {"error":"FFmpegDemuxer: open context failed"}
[1027/093007.333:ERROR:render_media_log.cc(30)] MediaEvent: PIPELINE_ERROR demuxer: could not open
[1027/093012.742:ERROR:render_media_log.cc(30)] MediaEvent: MEDIA_ERROR_LOG_ENTRY {"error":"FFmpegDemuxer: open context failed"}
[1027/093012.742:ERROR:render_media_log.cc(30)] MediaEvent: PIPELINE_ERROR demuxer: could not open
[1027/093012.750:ERROR:render_media_log.cc(30)] MediaEvent: MEDIA_ERROR_LOG_ENTRY {"error":"FFmpegDemuxer: open context failed"}
[1027/093012.750:ERROR:render_media_log.cc(30)] MediaEvent: PIPELINE_ERROR demuxer: could not open
[1027/093012.761:ERROR:render_media_log.cc(30)] MediaEvent: MEDIA_ERROR_LOG_ENTRY {"error":"FFmpegDemuxer: open context failed"}
[1027/093012.761:ERROR:render_media_log.cc(30)] MediaEvent: PIPELINE_ERROR demuxer: could not open
[1027/093012.872:ERROR:render_media_log.cc(30)] MediaEvent: MEDIA_ERROR_LOG_ENTRY {"error":"FFmpegDemuxer: open context failed"}
[1027/093012.872:ERROR:render_media_log.cc(30)] MediaEvent: PIPELINE_ERROR demuxer: could not open
[1027/093012.955:ERROR:render_media_log.cc(30)] MediaEvent: MEDIA_ERROR_LOG_ENTRY {"error":"FFmpegDemuxer: open context failed"}
[1027/093012.955:ERROR:render_media_log.cc(30)] MediaEvent: PIPELINE_ERROR demuxer: could not open
[1027/093012.981:ERROR:render_media_log.cc(30)] MediaEvent: MEDIA_ERROR_LOG_ENTRY {"error":"FFmpegDemuxer: open context failed"}
[1027/093012.981:ERROR:render_media_log.cc(30)] MediaEvent: PIPELINE_ERROR demuxer: could not open
[1027/093013.095:ERROR:render_media_log.cc(30)] MediaEvent: MEDIA_ERROR_LOG_ENTRY {"error":"FFmpegDemuxer: open context failed"}
[1027/093013.095:ERROR:render_media_log.cc(30)] MediaEvent: PIPELINE_ERROR demuxer: could not open
[1027/093013.107:ERROR:render_media_log.cc(30)] MediaEvent: MEDIA_ERROR_LOG_ENTRY {"error":"FFmpegDemuxer: open context failed"}
[1027/093013.107:ERROR:render_media_log.cc(30)] MediaEvent: PIPELINE_ERROR demuxer: could not open
[1027/093013.135:ERROR:render_media_log.cc(30)] MediaEvent: MEDIA_ERROR_LOG_ENTRY {"error":"FFmpegDemuxer: open context failed"}
[1027/093013.136:ERROR:render_media_log.cc(30)] MediaEvent: PIPELINE_ERROR demuxer: could not open
[1027/093013.146:ERROR:render_media_log.cc(30)] MediaEvent: MEDIA_ERROR_LOG_ENTRY {"error":"FFmpegDemuxer: open context failed"}
[1027/093013.146:ERROR:render_media_log.cc(30)] MediaEvent: PIPELINE_ERROR demuxer: could not open
[1027/093014.360:ERROR:render_media_log.cc(30)] MediaEvent: MEDIA_ERROR_LOG_ENTRY {"error":"FFmpegDemuxer: open context failed"}
[1027/093014.360:ERROR:render_media_log.cc(30)] MediaEvent: PIPELINE_ERROR demuxer: could not open
[1027/093014.373:ERROR:render_media_log.cc(30)] MediaEvent: MEDIA_ERROR_LOG_ENTRY {"error":"FFmpegDemuxer: open context failed"}
[1027/093014.373:ERROR:render_media_log.cc(30)] MediaEvent: PIPELINE_ERROR demuxer: could not open
[1027/093014.384:ERROR:render_media_log.cc(30)] MediaEvent: MEDIA_ERROR_LOG_ENTRY {"error":"FFmpegDemuxer: open context failed"}
[1027/093014.384:ERROR:render_media_log.cc(30)] MediaEvent: PIPELINE_ERROR demuxer: could not open
[1027/093014.423:ERROR:render_media_log.cc(30)] MediaEvent: MEDIA_ERROR_LOG_ENTRY {"error":"FFmpegDemuxer: open context failed"}
[1027/093014.423:ERROR:render_media_log.cc(30)] MediaEvent: PIPELINE_ERROR demuxer: could not open
[1027/093014.554:ERROR:render_media_log.cc(30)] MediaEvent: MEDIA_ERROR_LOG_ENTRY {"error":"FFmpegDemuxer: open context failed"}
[1027/093014.554:ERROR:render_media_log.cc(30)] MediaEvent: PIPELINE_ERROR demuxer: could not open
[1027/093014.565:ERROR:render_media_log.cc(30)] MediaEvent: MEDIA_ERROR_LOG_ENTRY {"error":"FFmpegDemuxer: open context failed"}
[1027/093014.565:ERROR:render_media_log.cc(30)] MediaEvent: PIPELINE_ERROR demuxer: could not open
[1027/093014.690:ERROR:render_media_log.cc(30)] MediaEvent: MEDIA_ERROR_LOG_ENTRY {"error":"FFmpegDemuxer: open context failed"}
[1027/093014.690:ERROR:render_media_log.cc(30)] MediaEvent: PIPELINE_ERROR demuxer: could not open
[1027/093014.740:ERROR:render_media_log.cc(30)] MediaEvent: MEDIA_ERROR_LOG_ENTRY {"error":"FFmpegDemuxer: open context failed"}
[1027/093014.740:ERROR:render_media_log.cc(30)] MediaEvent: PIPELINE_ERROR demuxer: could not open
[1027/093014.763:ERROR:render_media_log.cc(30)] MediaEvent: MEDIA_ERROR_LOG_ENTRY {"error":"FFmpegDemuxer: open context failed"}
[1027/093014.763:ERROR:render_media_log.cc(30)] MediaEvent: PIPELINE_ERROR demuxer: could not open
[1027/093014.773:ERROR:render_media_log.cc(30)] MediaEvent: MEDIA_ERROR_LOG_ENTRY {"error":"FFmpegDemuxer: open context failed"}
[1027/093014.773:ERROR:render_media_log.cc(30)] MediaEvent: PIPELINE_ERROR demuxer: could not open
[1027/093015.871:ERROR:render_media_log.cc(30)] MediaEvent: MEDIA_ERROR_LOG_ENTRY {"error":"FFmpegDemuxer: open context failed"}
[1027/093015.871:ERROR:render_media_log.cc(30)] MediaEvent: PIPELINE_ERROR demuxer: could not open
[1027/093015.881:ERROR:render_media_log.cc(30)] MediaEvent: MEDIA_ERROR_LOG_ENTRY {"error":"FFmpegDemuxer: open context failed"}
[1027/093015.881:ERROR:render_media_log.cc(30)] MediaEvent: PIPELINE_ERROR demuxer: could not open
[1027/093015.891:ERROR:render_media_log.cc(30)] MediaEvent: MEDIA_ERROR_LOG_ENTRY {"error":"FFmpegDemuxer: open context failed"}
[1027/093015.891:ERROR:render_media_log.cc(30)] MediaEvent: PIPELINE_ERROR demuxer: could not open
[1027/093016.001:ERROR:render_media_log.cc(30)] MediaEvent: MEDIA_ERROR_LOG_ENTRY {"error":"FFmpegDemuxer: open context failed"}
[1027/093016.001:ERROR:render_media_log.cc(30)] MediaEvent: PIPELINE_ERROR demuxer: could not open
[1027/093016.069:ERROR:render_media_log.cc(30)] MediaEvent: MEDIA_ERROR_LOG_ENTRY {"error":"FFmpegDemuxer: open context failed"}
[1027/093016.070:ERROR:render_media_log.cc(30)] MediaEvent: PIPELINE_ERROR demuxer: could not open
[1027/093016.088:ERROR:render_media_log.cc(30)] MediaEvent: MEDIA_ERROR_LOG_ENTRY {"error":"FFmpegDemuxer: open context failed"}
[1027/093016.088:ERROR:render_media_log.cc(30)] MediaEvent: PIPELINE_ERROR demuxer: could not open
[1027/093016.225:ERROR:render_media_log.cc(30)] MediaEvent: MEDIA_ERROR_LOG_ENTRY {"error":"FFmpegDemuxer: open context failed"}
[1027/093016.225:ERROR:render_media_log.cc(30)] MediaEvent: PIPELINE_ERROR demuxer: could not open
[1027/093016.243:ERROR:render_media_log.cc(30)] MediaEvent: MEDIA_ERROR_LOG_ENTRY {"error":"FFmpegDemuxer: open context failed"}
[1027/093016.243:ERROR:render_media_log.cc(30)] MediaEvent: PIPELINE_ERROR demuxer: could not open
[1027/093016.254:ERROR:render_media_log.cc(30)] MediaEvent: MEDIA_ERROR_LOG_ENTRY {"error":"FFmpegDemuxer: open context failed"}
[1027/093016.254:ERROR:render_media_log.cc(30)] MediaEvent: PIPELINE_ERROR demuxer: could not open
[1027/093016.271:ERROR:render_media_log.cc(30)] MediaEvent: MEDIA_ERROR_LOG_ENTRY {"error":"FFmpegDemuxer: open context failed"}
[1027/093016.271:ERROR:render_media_log.cc(30)] MediaEvent: PIPELINE_ERROR demuxer: could not open
[1027/093613.223:ERROR:child_thread_impl.cc(762)] Request for unknown Channel-associated interface: ui::mojom::GpuMain
[1027/093614.116:ERROR:render_process_host_impl.cc(2077)] Request for unknown Channel-associated interface: device::mojom::ScreenOrientationListener
[1027/093616.970:ERROR:render_media_log.cc(30)] MediaEvent: MEDIA_ERROR_LOG_ENTRY {"error":"FFmpegDemuxer: open context failed"}
[1027/093616.970:ERROR:render_media_log.cc(30)] MediaEvent: PIPELINE_ERROR demuxer: could not open
[1027/093618.098:ERROR:render_media_log.cc(30)] MediaEvent: MEDIA_ERROR_LOG_ENTRY {"error":"FFmpegDemuxer: open context failed"}
[1027/093618.098:ERROR:render_media_log.cc(30)] MediaEvent: PIPELINE_ERROR demuxer: could not open
[1027/093620.589:ERROR:render_media_log.cc(30)] MediaEvent: MEDIA_ERROR_LOG_ENTRY {"error":"FFmpegDemuxer: open context failed"}
[1027/093620.593:ERROR:render_media_log.cc(30)] MediaEvent: PIPELINE_ERROR demuxer: could not open
[1027/093620.605:ERROR:render_media_log.cc(30)] MediaEvent: MEDIA_ERROR_LOG_ENTRY {"error":"FFmpegDemuxer: open context failed"}
[1027/093620.605:ERROR:render_media_log.cc(30)] MediaEvent: PIPELINE_ERROR demuxer: could not open
[1027/093620.612:ERROR:render_media_log.cc(30)] MediaEvent: MEDIA_ERROR_LOG_ENTRY {"error":"FFmpegDemuxer: open context failed"}
[1027/093620.612:ERROR:render_media_log.cc(30)] MediaEvent: PIPELINE_ERROR demuxer: could not open
[1027/093620.699:ERROR:render_media_log.cc(30)] MediaEvent: MEDIA_ERROR_LOG_ENTRY {"error":"FFmpegDemuxer: open context failed"}
[1027/093620.699:ERROR:render_media_log.cc(30)] MediaEvent: PIPELINE_ERROR demuxer: could not open
[1027/093620.718:ERROR:render_media_log.cc(30)] MediaEvent: MEDIA_ERROR_LOG_ENTRY {"error":"FFmpegDemuxer: open context failed"}
[1027/093620.719:ERROR:render_media_log.cc(30)] MediaEvent: PIPELINE_ERROR demuxer: could not open
[1027/093620.967:ERROR:render_media_log.cc(30)] MediaEvent: MEDIA_ERROR_LOG_ENTRY {"error":"FFmpegDemuxer: open context failed"}
[1027/093620.967:ERROR:render_media_log.cc(30)] MediaEvent: PIPELINE_ERROR demuxer: could not open
[1027/093621.125:ERROR:render_media_log.cc(30)] MediaEvent: MEDIA_ERROR_LOG_ENTRY {"error":"FFmpegDemuxer: open context failed"}
[1027/093621.125:ERROR:render_media_log.cc(30)] MediaEvent: PIPELINE_ERROR demuxer: could not open
[1027/093621.233:ERROR:render_media_log.cc(30)] MediaEvent: MEDIA_ERROR_LOG_ENTRY {"error":"FFmpegDemuxer: open context failed"}
[1027/093621.233:ERROR:render_media_log.cc(30)] MediaEvent: PIPELINE_ERROR demuxer: could not open
[1027/093621.567:ERROR:render_media_log.cc(30)] MediaEvent: MEDIA_ERROR_LOG_ENTRY {"error":"FFmpegDemuxer: open context failed"}
[1027/093621.568:ERROR:render_media_log.cc(30)] MediaEvent: PIPELINE_ERROR demuxer: could not open
[1027/093621.573:ERROR:render_media_log.cc(30)] MediaEvent: MEDIA_ERROR_LOG_ENTRY {"error":"FFmpegDemuxer: open context failed"}
[1027/093621.573:ERROR:render_media_log.cc(30)] MediaEvent: PIPELINE_ERROR demuxer: could not open
[1027/093621.579:ERROR:render_media_log.cc(30)] MediaEvent: MEDIA_ERROR_LOG_ENTRY {"error":"FFmpegDemuxer: open context failed"}
[1027/093621.579:ERROR:render_media_log.cc(30)] MediaEvent: PIPELINE_ERROR demuxer: could not open
[1027/093621.831:ERROR:render_media_log.cc(30)] MediaEvent: MEDIA_ERROR_LOG_ENTRY {"error":"FFmpegDemuxer: data source error"}
[1027/093622.345:ERROR:render_media_log.cc(30)] MediaEvent: MEDIA_ERROR_LOG_ENTRY {"error":"FFmpegDemuxer: data source error"}
[1027/093815.201:ERROR:child_thread_impl.cc(762)] Request for unknown Channel-associated interface: ui::mojom::GpuMain
[1027/093841.935:ERROR:render_process_host_impl.cc(2077)] Request for unknown Channel-associated interface: device::mojom::ScreenOrientationListener
[1027/093938.017:ERROR:child_thread_impl.cc(762)] Request for unknown Channel-associated interface: ui::mojom::GpuMain
[1027/093938.848:ERROR:render_process_host_impl.cc(2077)] Request for unknown Channel-associated interface: device::mojom::ScreenOrientationListener
[1027/093952.965:ERROR:render_media_log.cc(30)] MediaEvent: MEDIA_ERROR_LOG_ENTRY {"error":"FFmpegDemuxer: open context failed"}
[1027/093952.965:ERROR:render_media_log.cc(30)] MediaEvent: PIPELINE_ERROR demuxer: could not open
[1027/093953.291:ERROR:render_media_log.cc(30)] MediaEvent: MEDIA_ERROR_LOG_ENTRY {"error":"FFmpegDemuxer: open context failed"}
[1027/093953.291:ERROR:render_media_log.cc(30)] MediaEvent: PIPELINE_ERROR demuxer: could not open
[1027/095541.267:ERROR:child_thread_impl.cc(762)] Request for unknown Channel-associated interface: ui::mojom::GpuMain
[1027/095542.108:ERROR:render_process_host_impl.cc(2077)] Request for unknown Channel-associated interface: device::mojom::ScreenOrientationListener
[1027/095807.843:ERROR:child_thread_impl.cc(762)] Request for unknown Channel-associated interface: ui::mojom::GpuMain
[1027/095808.687:ERROR:render_process_host_impl.cc(2077)] Request for unknown Channel-associated interface: device::mojom::ScreenOrientationListener
[1027/100014.476:ERROR:child_thread_impl.cc(762)] Request for unknown Channel-associated interface: ui::mojom::GpuMain
[1027/100015.348:ERROR:render_process_host_impl.cc(2077)] Request for unknown Channel-associated interface: device::mojom::ScreenOrientationListener
[1027/100153.840:ERROR:child_thread_impl.cc(762)] Request for unknown Channel-associated interface: ui::mojom::GpuMain
[1027/100154.668:ERROR:render_process_host_impl.cc(2077)] Request for unknown Channel-associated interface: device::mojom::ScreenOrientationListener
[1027/100428.049:ERROR:child_thread_impl.cc(762)] Request for unknown Channel-associated interface: ui::mojom::GpuMain
[1027/100428.867:ERROR:render_process_host_impl.cc(2077)] Request for unknown Channel-associated interface: device::mojom::ScreenOrientationListener
[1027/100911.524:ERROR:child_thread_impl.cc(762)] Request for unknown Channel-associated interface: ui::mojom::GpuMain
[1027/100912.361:ERROR:render_process_host_impl.cc(2077)] Request for unknown Channel-associated interface: device::mojom::ScreenOrientationListener
[1027/101119.950:ERROR:child_thread_impl.cc(762)] Request for unknown Channel-associated interface: ui::mojom::GpuMain
[1027/101120.883:ERROR:render_process_host_impl.cc(2077)] Request for unknown Channel-associated interface: device::mojom::ScreenOrientationListener
[1027/103204.276:ERROR:child_thread_impl.cc(762)] Request for unknown Channel-associated interface: ui::mojom::GpuMain
[1027/103205.110:ERROR:render_process_host_impl.cc(2077)] Request for unknown Channel-associated interface: device::mojom::ScreenOrientationListener
[1027/104149.352:ERROR:child_thread_impl.cc(762)] Request for unknown Channel-associated interface: ui::mojom::GpuMain
[1027/104150.219:ERROR:render_process_host_impl.cc(2077)] Request for unknown Channel-associated interface: device::mojom::ScreenOrientationListener
[1027/104159.511:ERROR:render_process_host_impl.cc(2077)] Request for unknown Channel-associated interface: device::mojom::ScreenOrientationListener
[1027/104202.609:ERROR:render_process_host_impl.cc(2077)] Request for unknown Channel-associated interface: device::mojom::ScreenOrientationListener
[1027/104939.591:ERROR:child_thread_impl.cc(762)] Request for unknown Channel-associated interface: ui::mojom::GpuMain
[1027/104940.435:ERROR:render_process_host_impl.cc(2077)] Request for unknown Channel-associated interface: device::mojom::ScreenOrientationListener
[1027/104948.504:ERROR:render_process_host_impl.cc(2077)] Request for unknown Channel-associated interface: device::mojom::ScreenOrientationListener
[1027/104950.097:ERROR:render_process_host_impl.cc(2077)] Request for unknown Channel-associated interface: device::mojom::ScreenOrientationListener
[1027/105022.388:ERROR:child_thread_impl.cc(762)] Request for unknown Channel-associated interface: ui::mojom::GpuMain
[1027/105023.207:ERROR:render_process_host_impl.cc(2077)] Request for unknown Channel-associated interface: device::mojom::ScreenOrientationListener
[1027/111639.250:ERROR:child_thread_impl.cc(762)] Request for unknown Channel-associated interface: ui::mojom::GpuMain
[1027/111640.468:ERROR:render_process_host_impl.cc(2077)] Request for unknown Channel-associated interface: device::mojom::ScreenOrientationListener
[1027/112930.404:ERROR:child_thread_impl.cc(762)] Request for unknown Channel-associated interface: ui::mojom::GpuMain
[1027/113037.864:ERROR:child_thread_impl.cc(762)] Request for unknown Channel-associated interface: ui::mojom::GpuMain
[1027/113123.143:ERROR:render_process_host_impl.cc(2077)] Request for unknown Channel-associated interface: device::mojom::ScreenOrientationListener
[1027/114614.724:ERROR:child_thread_impl.cc(762)] Request for unknown Channel-associated interface: ui::mojom::GpuMain
[1027/114615.706:ERROR:render_process_host_impl.cc(2077)] Request for unknown Channel-associated interface: device::mojom::ScreenOrientationListener
[1027/114718.647:ERROR:child_thread_impl.cc(762)] Request for unknown Channel-associated interface: ui::mojom::GpuMain
[1027/114723.353:ERROR:render_process_host_impl.cc(2077)] Request for unknown Channel-associated interface: device::mojom::ScreenOrientationListener
[1027/130805.109:ERROR:child_thread_impl.cc(762)] Request for unknown Channel-associated interface: ui::mojom::GpuMain
[1027/131449.034:ERROR:child_thread_impl.cc(762)] Request for unknown Channel-associated interface: ui::mojom::GpuMain
[1027/133551.803:ERROR:child_thread_impl.cc(762)] Request for unknown Channel-associated interface: ui::mojom::GpuMain
[1027/133552.985:ERROR:render_process_host_impl.cc(2077)] Request for unknown Channel-associated interface: device::mojom::ScreenOrientationListener
[1027/133735.258:ERROR:child_thread_impl.cc(762)] Request for unknown Channel-associated interface: ui::mojom::GpuMain
[1027/143448.446:ERROR:child_thread_impl.cc(762)] Request for unknown Channel-associated interface: ui::mojom::GpuMain
[1027/143451.416:ERROR:render_process_host_impl.cc(2077)] Request for unknown Channel-associated interface: device::mojom::ScreenOrientationListener
[1027/143638.690:ERROR:child_thread_impl.cc(762)] Request for unknown Channel-associated interface: ui::mojom::GpuMain
[1027/143735.107:ERROR:render_process_host_impl.cc(2077)] Request for unknown Channel-associated interface: device::mojom::ScreenOrientationListener
[1027/144412.314:ERROR:child_thread_impl.cc(762)] Request for unknown Channel-associated interface: ui::mojom::GpuMain
[1027/144937.010:ERROR:child_thread_impl.cc(762)] Request for unknown Channel-associated interface: ui::mojom::GpuMain
[1027/145118.798:ERROR:render_process_host_impl.cc(2077)] Request for unknown Channel-associated interface: device::mojom::ScreenOrientationListener
[1027/145708.100:ERROR:child_thread_impl.cc(762)] Request for unknown Channel-associated interface: ui::mojom::GpuMain
